<?xml version="1.0" encoding="UTF-8"?>
<testng-results ignored="0" total="1" passed="1" failed="0" skipped="0">
  <reporter-output>
  </reporter-output>
  <suite started-at="2022-05-16T08:28:45 CAT" name="Default suite" finished-at="2022-05-16T08:29:19 CAT" duration-ms="34344">
    <groups>
    </groups>
    <test started-at="2022-05-16T08:28:45 CAT" name="Default test" finished-at="2022-05-16T08:29:19 CAT" duration-ms="34344">
      <class name="test.CarreersTest">
        <test-method is-config="true" signature="setup()[pri:0, instance:test.CarreersTest@71ba6d4e]" started-at="2022-05-16T08:28:45 CAT" name="setup" finished-at="2022-05-16T08:28:55 CAT" duration-ms="10272" status="PASS">
          <reporter-output>
          </reporter-output>
        </test-method> <!-- setup -->
        <test-method signature="navigateToOnlineApplication(java.lang.String,java.lang.String)[pri:0, instance:test.CarreersTest@71ba6d4e]" started-at="2022-05-16T08:28:55 CAT" name="navigateToOnlineApplication" data-provider="applicationFormDataFromObjectFile" finished-at="2022-05-16T08:29:08 CAT" duration-ms="13065" status="PASS">
          <params>
            <param index="0">
              <value>
                <![CDATA[busani]]>
              </value>
            </param>
            <param index="1">
              <value>
                <![CDATA[automationAssessment@iLABQuality.com]]>
              </value>
            </param>
          </params>
          <reporter-output>
          </reporter-output>
        </test-method> <!-- navigateToOnlineApplication -->
        <test-method is-config="true" signature="flushTestReport()[pri:0, instance:test.CarreersTest@71ba6d4e]" started-at="2022-05-16T08:29:08 CAT" name="flushTestReport" finished-at="2022-05-16T08:29:08 CAT" duration-ms="316" status="PASS">
          <reporter-output>
          </reporter-output>
        </test-method> <!-- flushTestReport -->
        <test-method is-config="true" signature="tearDown()[pri:0, instance:test.CarreersTest@71ba6d4e]" started-at="2022-05-16T08:29:08 CAT" name="tearDown" finished-at="2022-05-16T08:29:19 CAT" duration-ms="10658" status="PASS">
          <reporter-output>
          </reporter-output>
        </test-method> <!-- tearDown -->
      </class> <!-- test.CarreersTest -->
    </test> <!-- Default test -->
  </suite> <!-- Default suite -->
</testng-results>
